{
  "RSpec": {
    "coverage": {
      "/Users/roni/Documents/GitHub/actions-runner/app/helpers/application_helper.rb": {
        "lines": [
          null,
          null,
          1,
          null
        ]
      },
      "/Users/roni/Documents/GitHub/actions-runner/app/mailers/application_mailer.rb": {
        "lines": [
          null,
          null,
          0,
          0,
          0,
          0
        ],
        "branches": {
        }
      },
      "/Users/roni/Documents/GitHub/actions-runner/app/controllers/application_controller.rb": {
        "lines": [
          null,
          null,
          0,
          0
        ],
        "branches": {
        }
      },
      "/Users/roni/Documents/GitHub/actions-runner/app/controllers/test_controller.rb": {
        "lines": [
          null,
          null,
          0,
          0,
          null,
          0,
          0,
          0,
          null,
          0,
          0,
          0,
          null,
          0,
          0
        ],
        "branches": {
        }
      },
      "/Users/roni/Documents/GitHub/actions-runner/app/channels/application_cable/connection.rb": {
        "lines": [
          null,
          null,
          0,
          0,
          0,
          0
        ],
        "branches": {
        }
      },
      "/Users/roni/Documents/GitHub/actions-runner/app/channels/application_cable/channel.rb": {
        "lines": [
          null,
          null,
          0,
          0,
          0,
          0
        ],
        "branches": {
        }
      }
    },
    "timestamp": 1612451098
  }
}
